<?xml version="1.0" encoding="UTF-8"?>
<testng-results skipped="0" failed="0" ignored="0" total="1" passed="1">
  <reporter-output>
  </reporter-output>
  <suite name="Suite" duration-ms="108419" started-at="2021-01-04T15:11:28Z" finished-at="2021-01-04T15:13:16Z">
    <groups>
    </groups>
    <test name="Test" duration-ms="108419" started-at="2021-01-04T15:11:28Z" finished-at="2021-01-04T15:13:16Z">
      <class name="propertyfile.OrangeHRM_test">
        <test-method status="PASS" signature="orangehrm()[pri:0, instance:propertyfile.OrangeHRM_test@1bc39f8]" name="orangehrm" duration-ms="108231" started-at="2021-01-04T15:11:28Z" finished-at="2021-01-04T15:13:16Z">
          <reporter-output>
          </reporter-output>
        </test-method> <!-- orangehrm -->
      </class> <!-- propertyfile.OrangeHRM_test -->
    </test> <!-- Test -->
  </suite> <!-- Suite -->
</testng-results>
