<?xml version="1.0" encoding="UTF-8"?>
<testng-results skipped="0" failed="0" ignored="0" total="1" passed="1">
  <reporter-output>
  </reporter-output>
  <suite name="Suite" duration-ms="65121" started-at="2020-12-31T13:26:27Z" finished-at="2020-12-31T13:27:32Z">
    <groups>
    </groups>
    <test name="Test" duration-ms="65121" started-at="2020-12-31T13:26:27Z" finished-at="2020-12-31T13:27:32Z">
      <class name="propertyfile.OrangeHRM_test">
        <test-method status="PASS" signature="orangehrm()[pri:0, instance:propertyfile.OrangeHRM_test@1f7d05d]" name="orangehrm" duration-ms="65013" started-at="2020-12-31T13:26:27Z" finished-at="2020-12-31T13:27:32Z">
          <reporter-output>
          </reporter-output>
        </test-method> <!-- orangehrm -->
      </class> <!-- propertyfile.OrangeHRM_test -->
    </test> <!-- Test -->
  </suite> <!-- Suite -->
</testng-results>
